SF:C:\Users\roman\.nuget\packages\microsoft.net.test.sdk\16.5.0\build\netcoreapp2.1\Microsoft.NET.Test.Sdk.Program.cs
FN:3,System.Void AutoGeneratedProgram::Main(System.String[])
FNDA:0,System.Void AutoGeneratedProgram::Main(System.String[])
DA:4,0
LF:1
LH:0
BRF:0
BRH:0
FNF:1
FNH:0
end_of_record
SF:C:\Users\roman\source\repos\GildedRose-Refactoring-Kata\csharpcore\GildedRose.cs
FN:13,System.Void csharpcore.GildedRose::UpdateQuality()
FNDA:13,System.Void csharpcore.GildedRose::UpdateQuality()
DA:14,13
DA:15,72
DA:16,23
DA:17,23
DA:18,12
DA:19,12
DA:20,10
DA:21,10
DA:22,7
DA:23,7
DA:24,7
DA:25,10
DA:26,12
DA:28,11
DA:29,11
DA:30,8
DA:31,8
DA:33,8
DA:34,6
DA:35,6
DA:36,5
DA:37,5
DA:38,3
DA:39,3
DA:40,3
DA:41,5
DA:43,6
DA:44,4
DA:45,4
DA:46,3
DA:47,3
DA:48,3
DA:49,4
DA:50,6
DA:51,8
DA:52,11
DA:54,23
DA:55,20
DA:56,20
DA:57,20
DA:59,23
DA:60,11
DA:61,11
DA:62,9
DA:63,9
DA:64,7
DA:65,7
DA:66,4
DA:67,4
DA:68,3
DA:69,3
DA:70,3
DA:71,4
DA:72,7
DA:74,2
DA:75,2
DA:76,2
DA:77,9
DA:79,2
DA:80,2
DA:81,1
DA:82,1
DA:83,1
DA:84,2
DA:85,11
DA:86,23
DA:87,13
BRDA:15,899,1,23
BRDA:17,36,0,19
BRDA:17,36,1,4
BRDA:17,70,0,12
BRDA:19,95,0,10
BRDA:21,127,0,7
BRDA:21,127,1,10
BRDA:19,95,1,12
BRDA:17,70,1,11
BRDA:29,201,0,8
BRDA:33,275,0,6
BRDA:35,306,0,5
BRDA:37,334,0,3
BRDA:37,334,1,5
BRDA:35,306,1,6
BRDA:43,400,0,4
BRDA:45,428,0,3
BRDA:45,428,1,4
BRDA:43,400,1,6
BRDA:33,275,1,8
BRDA:29,201,1,11
BRDA:54,504,0,20
BRDA:54,504,1,23
BRDA:59,569,0,11
BRDA:61,606,0,9
BRDA:63,643,0,7
BRDA:65,670,0,4
BRDA:67,704,0,3
BRDA:67,704,1,4
BRDA:65,670,1,7
BRDA:63,643,1,2
BRDA:61,606,1,2
BRDA:80,833,0,1
BRDA:80,833,1,2
BRDA:59,569,1,23
BRDA:15,899,0,13
FN:7,System.Void csharpcore.GildedRose::.ctor(System.Collections.Generic.IList`1<csharpcore.Item>)
FNDA:9,System.Void csharpcore.GildedRose::.ctor(System.Collections.Generic.IList`1<csharpcore.Item>)
DA:8,9
DA:9,9
DA:10,9
DA:11,9
LF:71
LH:71
BRF:36
BRH:36
FNF:2
FNH:2
end_of_record
SF:C:\Users\roman\source\repos\GildedRose-Refactoring-Kata\csharpcore\Item.cs
FN:4,System.String csharpcore.Item::get_Name()
FNDA:126,System.String csharpcore.Item::get_Name()
DA:5,126
FN:5,System.Int32 csharpcore.Item::get_SellIn()
FNDA:117,System.Int32 csharpcore.Item::get_SellIn()
DA:6,117
FN:6,System.Int32 csharpcore.Item::get_Quality()
FNDA:139,System.Int32 csharpcore.Item::get_Quality()
DA:7,139
LF:3
LH:3
BRF:0
BRH:0
FNF:3
FNH:3
end_of_record
SF:C:\Users\roman\source\repos\GildedRose-Refactoring-Kata\csharpcore\Program.cs
FN:8,System.Void csharpcore.Program::Main(System.String[])
FNDA:0,System.Void csharpcore.Program::Main(System.String[])
DA:9,0
DA:10,0
DA:12,0
DA:13,0
DA:14,0
DA:15,0
DA:16,0
DA:17,0
DA:18,0
DA:19,0
DA:20,0
DA:21,0
DA:22,0
DA:23,0
DA:24,0
DA:25,0
DA:26,0
DA:27,0
DA:28,0
DA:29,0
DA:30,0
DA:31,0
DA:32,0
DA:33,0
DA:34,0
DA:35,0
DA:36,0
DA:37,0
DA:38,0
DA:40,0
DA:43,0
DA:44,0
DA:45,0
DA:46,0
DA:47,0
DA:48,0
DA:49,0
DA:50,0
DA:51,0
DA:52,0
DA:53,0
DA:54,0
BRDA:43,594,1,0
BRDA:47,560,1,0
BRDA:47,560,0,0
BRDA:43,594,0,0
LF:42
LH:0
BRF:4
BRH:0
FNF:1
FNH:0
end_of_record